Log file open, 04/23/19 16:03:44
LogWindows: Failed to load 'aqProf.dll' (GetLastError=126)
LogWindows: File 'aqProf.dll' does not exist
LogWindows: Failed to load 'VtuneApi.dll' (GetLastError=126)
LogWindows: File 'VtuneApi.dll' does not exist
LogWindows: Failed to load 'VtuneApi32e.dll' (GetLastError=126)
LogWindows: File 'VtuneApi32e.dll' does not exist
LogConsoleResponse: Display: Failed to find resolution value strings in scalability ini. Falling back to default.
LogInit: Display: Running engine for game: AI
LogPakFile: Registered encryption key '00000000000000000000000000000000': 0 pak files mounted, 0 remain pending
LogPlatformFile: Not using cached read wrapper
LogTaskGraph: Started task graph with 5 named threads and 14 total threads with 3 sets of task threads.
LogStats: Stats thread started at 0.741668
LogD3D11RHI: Loaded GFSDK_Aftermath_Lib.x64.dll
LogICUInternationalization: ICU TimeZone Detection - Raw Offset: -5:00, Platform Override: ''
LogPluginManager: Mounting plugin Paper2D
LogPluginManager: Mounting plugin AISupport
LogPluginManager: Mounting plugin LightPropagationVolume
LogPluginManager: Mounting plugin ActorLayerUtilities
LogPluginManager: Mounting plugin CLionSourceCodeAccess
LogPluginManager: Mounting plugin CodeLiteSourceCodeAccess
LogPluginManager: Mounting plugin GitSourceControl
LogPluginManager: Mounting plugin KDevelopSourceCodeAccess
LogPluginManager: Mounting plugin NullSourceCodeAccess
LogPluginManager: Mounting plugin PerforceSourceControl
LogPluginManager: Mounting plugin SubversionSourceControl
LogPluginManager: Mounting plugin UObjectPlugin
LogPluginManager: Mounting plugin VisualStudioCodeSourceCodeAccess
LogPluginManager: Mounting plugin VisualStudioSourceCodeAccess
LogPluginManager: Mounting plugin XCodeSourceCodeAccess
LogPluginManager: Mounting plugin AssetManagerEditor
LogPluginManager: Mounting plugin CryptoKeys
LogPluginManager: Mounting plugin DataValidation
LogPluginManager: Mounting plugin FacialAnimation
LogPluginManager: Mounting plugin GameplayTagsEditor
LogPluginManager: Mounting plugin MacGraphicsSwitching
LogPluginManager: Mounting plugin MeshEditor
LogPluginManager: Mounting plugin MobileLauncherProfileWizard
LogPluginManager: Mounting plugin PluginBrowser
LogPluginManager: Mounting plugin SpeedTreeImporter
LogPluginManager: Mounting plugin DatasmithContent
LogPluginManager: Mounting plugin VariantManagerContent
LogPluginManager: Mounting plugin AlembicImporter
LogPluginManager: Mounting plugin AppleImageUtils
LogPluginManager: Mounting plugin AppleVision
LogPluginManager: Mounting plugin BackChannel
LogPluginManager: Mounting plugin CharacterAI
LogPluginManager: Mounting plugin GeometryCache
LogPluginManager: Mounting plugin HTML5Networking
LogPluginManager: Mounting plugin ProxyLODPlugin
LogPluginManager: Mounting plugin MagicLeap
LogPluginManager: Mounting plugin MagicLeapMedia
LogPluginManager: Mounting plugin AndroidMedia
LogPluginManager: Mounting plugin AvfMedia
LogPluginManager: Mounting plugin ImgMedia
LogPluginManager: Mounting plugin LinearTimecode
LogPluginManager: Mounting plugin MediaCompositing
LogPluginManager: Mounting plugin MediaPlayerEditor
LogPluginManager: Mounting plugin WebMMedia
LogPluginManager: Mounting plugin WmfMedia
LogPluginManager: Mounting plugin TcpMessaging
LogPluginManager: Mounting plugin UdpMessaging
LogPluginManager: Mounting plugin ActorSequence
LogPluginManager: Mounting plugin LevelSequenceEditor
LogPluginManager: Mounting plugin MatineeToLevelSequence
LogPluginManager: Mounting plugin NetcodeUnitTest
LogPluginManager: Mounting plugin NUTUnrealEngine4
LogPluginManager: Mounting plugin OnlineSubsystemGooglePlay
LogPluginManager: Mounting plugin OnlineSubsystemIOS
LogPluginManager: Mounting plugin OnlineSubsystem
LogPluginManager: Mounting plugin OnlineSubsystemNull
LogPluginManager: Mounting plugin OnlineSubsystemUtils
LogPluginManager: Mounting plugin LauncherChunkInstaller
LogPluginManager: Mounting plugin AndroidDeviceProfileSelector
LogPluginManager: Mounting plugin AndroidMoviePlayer
LogPluginManager: Mounting plugin AndroidPermission
LogPluginManager: Mounting plugin AppleMoviePlayer
LogPluginManager: Mounting plugin ArchVisCharacter
LogPluginManager: Mounting plugin AudioCapture
LogPluginManager: Mounting plugin CableComponent
LogPluginManager: Mounting plugin CustomMeshComponent
LogPluginManager: Mounting plugin EditableMesh
LogPluginManager: Mounting plugin ExampleDeviceProfileSelector
LogPluginManager: Mounting plugin Firebase
LogPluginManager: Mounting plugin GoogleCloudMessaging
LogPluginManager: Mounting plugin IOSDeviceProfileSelector
LogPluginManager: Mounting plugin LinuxDeviceProfileSelector
LogPluginManager: Mounting plugin LocationServicesBPLibrary
LogPluginManager: Mounting plugin MobilePatchingUtils
LogPluginManager: Mounting plugin OculusVR
LogPluginManager: Mounting plugin PhysXVehicles
LogPluginManager: Mounting plugin ProceduralMeshComponent
LogPluginManager: Mounting plugin RuntimePhysXCooking
LogPluginManager: Mounting plugin SteamVR
LogPluginManager: Mounting plugin WebMMoviePlayer
LogPluginManager: Mounting plugin WindowsMoviePlayer
LogStreaming: Display: Took  0.160s to configure plugins.
LogInit: Using libcurl 7.55.1-DEV
LogInit:  - built for x86_64-pc-win32
LogInit:  - supports SSL with OpenSSL/1.0.2h
LogInit:  - supports HTTP deflate (compression) using libz 1.2.8
LogInit:  - other features:
LogInit:      CURL_VERSION_SSL
LogInit:      CURL_VERSION_LIBZ
LogInit:      CURL_VERSION_IPV6
LogInit:      CURL_VERSION_ASYNCHDNS
LogInit:      CURL_VERSION_LARGEFILE
LogInit:      CURL_VERSION_IDN
LogInit:  CurlRequestOptions (configurable via config and command line):
LogInit:  - bVerifyPeer = true  - Libcurl will verify peer certificate
LogInit:  - bUseHttpProxy = false  - Libcurl will NOT use HTTP proxy
LogInit:  - bDontReuseConnections = false  - Libcurl will reuse connections
LogInit:  - MaxHostConnections = 16  - Libcurl will limit the number of connections to a host
LogInit:  - LocalHostAddr = Default
LogInit:  - BufferSize = 65536
LogInit: WinSock: version 1.1 (2.2), MaxSocks=32767, MaxUdp=65467
LogInit: Build: ++UE4+Release-4.21-CL-4753647
LogInit: Engine Version: 4.21.2-4753647+++UE4+Release-4.21
LogInit: Compatible Engine Version: 4.21.0-4541578+++UE4+Release-4.21
LogInit: Net CL: 4541578
LogInit: OS: Windows 10 (), CPU: Intel(R) Core(TM) i5-4460  CPU @ 3.20GHz, GPU: AMD Radeon R9 200 Series
LogInit: Compiled (64-bit): Jan 19 2019 02:07:31
LogInit: Compiled with Visual C++: 19.13.26129.00
LogInit: Build Configuration: Development
LogInit: Branch Name: ++UE4+Release-4.21
LogInit: Command Line: 
LogInit: Base Directory: C:/Users/Ryan/Documents/UE_4.21/Engine/Binaries/Win64/
LogInit: Installed Engine Build: 1
LogDevObjectVersion: Number of dev versions registered: 22
LogDevObjectVersion:   Dev-Blueprints (B0D832E4-1F89-4F0D-ACCF-7EB736FD4AA2): 10
LogDevObjectVersion:   Dev-Build (E1C64328-A22C-4D53-A36C-8E866417BD8C): 0
LogDevObjectVersion:   Dev-Core (375EC13C-06E4-48FB-B500-84F0262A717E): 2
LogDevObjectVersion:   Dev-Editor (E4B068ED-F494-42E9-A231-DA0B2E46BB41): 26
LogDevObjectVersion:   Dev-Framework (CFFC743F-43B0-4480-9391-14DF171D2073): 34
LogDevObjectVersion:   Dev-Mobile (B02B49B5-BB20-44E9-A304-32B752E40360): 2
LogDevObjectVersion:   Dev-Networking (A4E4105C-59A1-49B5-A7C5-40C4547EDFEE): 0
LogDevObjectVersion:   Dev-Online (39C831C9-5AE6-47DC-9A44-9C173E1C8E7C): 0
LogDevObjectVersion:   Dev-Physics (78F01B33-EBEA-4F98-B9B4-84EACCB95AA2): 0
LogDevObjectVersion:   Dev-Platform (6631380F-2D4D-43E0-8009-CF276956A95A): 0
LogDevObjectVersion:   Dev-Rendering (12F88B9F-8875-4AFC-A67C-D90C383ABD29): 27
LogDevObjectVersion:   Dev-Sequencer (7B5AE74C-D270-4C10-A958-57980B212A5A): 9
LogDevObjectVersion:   Dev-VR (D7296918-1DD6-4BDD-9DE2-64A83CC13884): 2
LogDevObjectVersion:   Dev-LoadTimes (C2A15278-BFE7-4AFE-6C17-90FF531DF755): 1
LogDevObjectVersion:   Private-Geometry (6EACA3D4-40EC-4CC1-B786-8BED09428FC5): 3
LogDevObjectVersion:   Dev-AnimPhys (29E575DD-E0A3-4627-9D10-D276232CDCEA): 17
LogDevObjectVersion:   Dev-Anim (AF43A65D-7FD3-4947-9873-3E8ED9C1BB05): 2
LogDevObjectVersion:   Dev-ReflectionCapture (6B266CEC-1EC7-4B8F-A30B-E4D90942FC07): 1
LogDevObjectVersion:   Dev-Automation (0DF73D61-A23F-47EA-B727-89E90C41499A): 1
LogDevObjectVersion:   FortniteMain (601D1886-AC64-4F84-AA16-D3DE0DEAC7D6): 17
LogDevObjectVersion:   Dev-Enterprise (9DFFBCD6-494F-0158-E221-12823C92A888): 4
LogDevObjectVersion:   Dev-Niagara (F2AED0AC-9AFE-416F-8664-AA7FFA26D6FC): 1
LogStreaming: Display: Took  0.001s to delete old logs.
LogInit: Presizing for max 8388607 objects, including 0 objects not considered by GC, pre-allocating 0 bytes for permanent pool.
LogInit: Object subsystem initialized
LogConfig: Setting CVar [[con.DebugEarlyDefault:1]]
LogConfig: Setting CVar [[r.setres:1280x720]]
[2019.04.23-20.03.45:262][  0]LogConfig: Setting CVar [[r.VSync:0]]
[2019.04.23-20.03.45:262][  0]LogConfig: Setting CVar [[r.RHICmdBypass:0]]
[2019.04.23-20.03.45:262][  0]LogConfig: Applying CVar settings from Section [/Script/Engine.RendererSettings] File [C:/Users/Ryan/GitHub/UE4_AI/AI/Saved/Config/Windows/Engine.ini]
[2019.04.23-20.03.45:262][  0]LogConfig: Setting CVar [[r.GPUCrashDebugging:0]]
[2019.04.23-20.03.45:262][  0]LogConfig: Applying CVar settings from Section [/Script/Engine.RendererOverrideSettings] File [C:/Users/Ryan/GitHub/UE4_AI/AI/Saved/Config/Windows/Engine.ini]
[2019.04.23-20.03.45:262][  0]LogConfig: Applying CVar settings from Section [/Script/Engine.StreamingSettings] File [C:/Users/Ryan/GitHub/UE4_AI/AI/Saved/Config/Windows/Engine.ini]
[2019.04.23-20.03.45:262][  0]LogConfig: Setting CVar [[s.MinBulkDataSizeForAsyncLoading:131072]]
[2019.04.23-20.03.45:262][  0]LogConfig: Setting CVar [[s.AsyncLoadingThreadEnabled:0]]
[2019.04.23-20.03.45:262][  0]LogConfig: Setting CVar [[s.EventDrivenLoaderEnabled:1]]
[2019.04.23-20.03.45:262][  0]LogConfig: Setting CVar [[s.WarnIfTimeLimitExceeded:0]]
[2019.04.23-20.03.45:262][  0]LogConfig: Setting CVar [[s.TimeLimitExceededMultiplier:1.5]]
[2019.04.23-20.03.45:262][  0]LogConfig: Setting CVar [[s.TimeLimitExceededMinTime:0.005]]
[2019.04.23-20.03.45:262][  0]LogConfig: Setting CVar [[s.UseBackgroundLevelStreaming:1]]
[2019.04.23-20.03.45:262][  0]LogConfig: Setting CVar [[s.PriorityAsyncLoadingExtraTime:15.0]]
[2019.04.23-20.03.45:262][  0]LogConfig: Setting CVar [[s.LevelStreamingActorsUpdateTimeLimit:5.0]]
[2019.04.23-20.03.45:262][  0]LogConfig: Setting CVar [[s.PriorityLevelStreamingActorsUpdateExtraTime:5.0]]
[2019.04.23-20.03.45:262][  0]LogConfig: Setting CVar [[s.LevelStreamingComponentsRegistrationGranularity:10]]
[2019.04.23-20.03.45:262][  0]LogConfig: Setting CVar [[s.UnregisterComponentsTimeLimit:1.0]]
[2019.04.23-20.03.45:262][  0]LogConfig: Setting CVar [[s.LevelStreamingComponentsUnregistrationGranularity:5]]
[2019.04.23-20.03.45:262][  0]LogConfig: Applying CVar settings from Section [/Script/Engine.GarbageCollectionSettings] File [C:/Users/Ryan/GitHub/UE4_AI/AI/Saved/Config/Windows/Engine.ini]
[2019.04.23-20.03.45:262][  0]LogConfig: Setting CVar [[gc.MaxObjectsNotConsideredByGC:1]]
[2019.04.23-20.03.45:262][  0]LogConfig: Setting CVar [[gc.SizeOfPermanentObjectPool:0]]
[2019.04.23-20.03.45:262][  0]LogConfig: Setting CVar [[gc.FlushStreamingOnGC:0]]
[2019.04.23-20.03.45:262][  0]LogConfig: Setting CVar [[gc.NumRetriesBeforeForcingGC:10]]
[2019.04.23-20.03.45:262][  0]LogConfig: Setting CVar [[gc.AllowParallelGC:1]]
[2019.04.23-20.03.45:262][  0]LogConfig: Setting CVar [[gc.TimeBetweenPurgingPendingKillObjects:61.1]]
[2019.04.23-20.03.45:262][  0]LogConfig: Setting CVar [[gc.MaxObjectsInEditor:8388607]]
[2019.04.23-20.03.45:262][  0]LogConfig: Setting CVar [[gc.IncrementalBeginDestroyEnabled:1]]
[2019.04.23-20.03.45:262][  0]LogConfig: Setting CVar [[gc.CreateGCClusters:1]]
[2019.04.23-20.03.45:262][  0]LogConfig: Setting CVar [[gc.MergeGCClusters:0]]
[2019.04.23-20.03.45:262][  0]LogConfig: Setting CVar [[gc.MinGCClusterSize:5]]
[2019.04.23-20.03.45:262][  0]LogConfig: Setting CVar [[gc.ActorClusteringEnabled:0]]
[2019.04.23-20.03.45:262][  0]LogConfig: Setting CVar [[gc.BlueprintClusteringEnabled:0]]
[2019.04.23-20.03.45:262][  0]LogConfig: Setting CVar [[gc.UseDisregardForGCOnDedicatedServers:0]]
[2019.04.23-20.03.45:262][  0]LogConfig: Applying CVar settings from Section [/Script/Engine.NetworkSettings] File [C:/Users/Ryan/GitHub/UE4_AI/AI/Saved/Config/Windows/Engine.ini]
[2019.04.23-20.03.45:262][  0]LogConfig: Applying CVar settings from Section [/Script/UnrealEd.CookerSettings] File [C:/Users/Ryan/GitHub/UE4_AI/AI/Saved/Config/Windows/Engine.ini]
[2019.04.23-20.03.45:280][  0]LogConfig: Applying CVar settings from Section [ViewDistanceQuality@3] File [C:/Users/Ryan/GitHub/UE4_AI/AI/Saved/Config/Windows/Scalability.ini]
[2019.04.23-20.03.45:280][  0]LogConfig: Setting CVar [[r.SkeletalMeshLODBias:0]]
[2019.04.23-20.03.45:280][  0]LogConfig: Setting CVar [[r.ViewDistanceScale:1.0]]
[2019.04.23-20.03.45:280][  0]LogConfig: Applying CVar settings from Section [AntiAliasingQuality@3] File [C:/Users/Ryan/GitHub/UE4_AI/AI/Saved/Config/Windows/Scalability.ini]
[2019.04.23-20.03.45:280][  0]LogConfig: Setting CVar [[r.PostProcessAAQuality:4]]
[2019.04.23-20.03.45:280][  0]LogConfig: Applying CVar settings from Section [ShadowQuality@3] File [C:/Users/Ryan/GitHub/UE4_AI/AI/Saved/Config/Windows/Scalability.ini]
[2019.04.23-20.03.45:280][  0]LogConfig: Setting CVar [[r.LightFunctionQuality:1]]
[2019.04.23-20.03.45:280][  0]LogConfig: Setting CVar [[r.ShadowQuality:5]]
[2019.04.23-20.03.45:280][  0]LogConfig: Setting CVar [[r.Shadow.CSM.MaxCascades:10]]
[2019.04.23-20.03.45:280][  0]LogConfig: Setting CVar [[r.Shadow.MaxResolution:2048]]
[2019.04.23-20.03.45:280][  0]LogConfig: Setting CVar [[r.Shadow.MaxCSMResolution:2048]]
[2019.04.23-20.03.45:280][  0]LogConfig: Setting CVar [[r.Shadow.RadiusThreshold:0.01]]
[2019.04.23-20.03.45:280][  0]LogConfig: Setting CVar [[r.Shadow.DistanceScale:1.0]]
[2019.04.23-20.03.45:280][  0]LogConfig: Setting CVar [[r.Shadow.CSM.TransitionScale:1.0]]
[2019.04.23-20.03.45:280][  0]LogConfig: Setting CVar [[r.Shadow.PreShadowResolutionFactor:1.0]]
[2019.04.23-20.03.45:280][  0]LogConfig: Setting CVar [[r.DistanceFieldShadowing:1]]
[2019.04.23-20.03.45:280][  0]LogConfig: Setting CVar [[r.DistanceFieldAO:1]]
[2019.04.23-20.03.45:280][  0]LogConfig: Setting CVar [[r.AOQuality:2]]
[2019.04.23-20.03.45:280][  0]LogConfig: Setting CVar [[r.VolumetricFog:1]]
[2019.04.23-20.03.45:280][  0]LogConfig: Setting CVar [[r.VolumetricFog.GridPixelSize:8]]
[2019.04.23-20.03.45:280][  0]LogConfig: Setting CVar [[r.VolumetricFog.GridSizeZ:128]]
[2019.04.23-20.03.45:280][  0]LogConfig: Setting CVar [[r.VolumetricFog.HistoryMissSupersampleCount:4]]
[2019.04.23-20.03.45:280][  0]LogConfig: Setting CVar [[r.LightMaxDrawDistanceScale:1]]
[2019.04.23-20.03.45:280][  0]LogConfig: Setting CVar [[r.CapsuleShadows:1]]
[2019.04.23-20.03.45:280][  0]LogConfig: Applying CVar settings from Section [PostProcessQuality@3] File [C:/Users/Ryan/GitHub/UE4_AI/AI/Saved/Config/Windows/Scalability.ini]
[2019.04.23-20.03.45:280][  0]LogConfig: Setting CVar [[r.MotionBlurQuality:4]]
[2019.04.23-20.03.45:280][  0]LogConfig: Setting CVar [[r.AmbientOcclusionMipLevelFactor:0.4]]
[2019.04.23-20.03.45:280][  0]LogConfig: Setting CVar [[r.AmbientOcclusionMaxQuality:100]]
[2019.04.23-20.03.45:280][  0]LogConfig: Setting CVar [[r.AmbientOcclusionLevels:-1]]
[2019.04.23-20.03.45:280][  0]LogConfig: Setting CVar [[r.AmbientOcclusionRadiusScale:1.0]]
[2019.04.23-20.03.45:280][  0]LogConfig: Setting CVar [[r.DepthOfFieldQuality:2]]
[2019.04.23-20.03.45:280][  0]LogConfig: Setting CVar [[r.RenderTargetPoolMin:400]]
[2019.04.23-20.03.45:280][  0]LogConfig: Setting CVar [[r.LensFlareQuality:2]]
[2019.04.23-20.03.45:280][  0]LogConfig: Setting CVar [[r.SceneColorFringeQuality:1]]
[2019.04.23-20.03.45:280][  0]LogConfig: Setting CVar [[r.EyeAdaptationQuality:2]]
[2019.04.23-20.03.45:280][  0]LogConfig: Setting CVar [[r.BloomQuality:5]]
[2019.04.23-20.03.45:280][  0]LogConfig: Setting CVar [[r.FastBlurThreshold:100]]
[2019.04.23-20.03.45:280][  0]LogConfig: Setting CVar [[r.Upscale.Quality:3]]
[2019.04.23-20.03.45:280][  0]LogConfig: Setting CVar [[r.Tonemapper.GrainQuantization:1]]
[2019.04.23-20.03.45:280][  0]LogConfig: Setting CVar [[r.LightShaftQuality:1]]
[2019.04.23-20.03.45:280][  0]LogConfig: Setting CVar [[r.Filter.SizeScale:1]]
[2019.04.23-20.03.45:280][  0]LogConfig: Setting CVar [[r.Tonemapper.Quality:5]]
[2019.04.23-20.03.45:280][  0]LogConfig: Setting CVar [[r.DOF.Gather.AccumulatorQuality:1        ; higher gathering accumulator quality]]
[2019.04.23-20.03.45:280][  0]LogConfig: Setting CVar [[r.DOF.Gather.PostfilterMethod:1          ; Median3x3 postfilering method]]
[2019.04.23-20.03.45:280][  0]LogConfig: Setting CVar [[r.DOF.Gather.EnableBokehSettings:0       ; no bokeh simulation when gathering]]
[2019.04.23-20.03.45:280][  0]LogConfig: Setting CVar [[r.DOF.Gather.RingCount:4                 ; medium number of samples when gathering]]
[2019.04.23-20.03.45:280][  0]LogConfig: Setting CVar [[r.DOF.Scatter.ForegroundCompositing:1    ; additive foreground scattering]]
[2019.04.23-20.03.45:280][  0]LogConfig: Setting CVar [[r.DOF.Scatter.BackgroundCompositing:2    ; additive background scattering]]
[2019.04.23-20.03.45:280][  0]LogConfig: Setting CVar [[r.DOF.Scatter.EnableBokehSettings:1      ; bokeh simulation when scattering]]
[2019.04.23-20.03.45:280][  0]LogConfig: Setting CVar [[r.DOF.Scatter.MaxSpriteRatio:0.1         ; only a maximum of 10% of scattered bokeh]]
[2019.04.23-20.03.45:280][  0]LogConfig: Setting CVar [[r.DOF.Recombine.Quality:1                ; cheap slight out of focus]]
[2019.04.23-20.03.45:280][  0]LogConfig: Setting CVar [[r.DOF.Recombine.EnableBokehSettings:0    ; no bokeh simulation on slight out of focus]]
[2019.04.23-20.03.45:281][  0]LogConfig: Setting CVar [[r.DOF.TemporalAAQuality:1                ; more stable temporal accumulation]]
[2019.04.23-20.03.45:281][  0]LogConfig: Setting CVar [[r.DOF.Kernel.MaxForegroundRadius:0.025]]
[2019.04.23-20.03.45:281][  0]LogConfig: Setting CVar [[r.DOF.Kernel.MaxBackgroundRadius:0.025]]
[2019.04.23-20.03.45:281][  0]LogConfig: Applying CVar settings from Section [TextureQuality@3] File [C:/Users/Ryan/GitHub/UE4_AI/AI/Saved/Config/Windows/Scalability.ini]
[2019.04.23-20.03.45:281][  0]LogConfig: Setting CVar [[r.Streaming.MipBias:0]]
[2019.04.23-20.03.45:281][  0]LogConfig: Setting CVar [[r.Streaming.AmortizeCPUToGPUCopy:0]]
[2019.04.23-20.03.45:281][  0]LogConfig: Setting CVar [[r.Streaming.MaxNumTexturesToStreamPerFrame:0]]
[2019.04.23-20.03.45:281][  0]LogConfig: Setting CVar [[r.Streaming.Boost:1]]
[2019.04.23-20.03.45:281][  0]LogConfig: Setting CVar [[r.MaxAnisotropy:8]]
[2019.04.23-20.03.45:281][  0]LogConfig: Setting CVar [[r.Streaming.LimitPoolSizeToVRAM:0]]
[2019.04.23-20.03.45:281][  0]LogConfig: Setting CVar [[r.Streaming.PoolSize:1000]]
[2019.04.23-20.03.45:281][  0]LogConfig: Setting CVar [[r.Streaming.MaxEffectiveScreenSize:0]]
[2019.04.23-20.03.45:281][  0]LogConfig: Applying CVar settings from Section [EffectsQuality@3] File [C:/Users/Ryan/GitHub/UE4_AI/AI/Saved/Config/Windows/Scalability.ini]
[2019.04.23-20.03.45:281][  0]LogConfig: Setting CVar [[r.TranslucencyLightingVolumeDim:64]]
[2019.04.23-20.03.45:281][  0]LogConfig: Setting CVar [[r.RefractionQuality:2]]
[2019.04.23-20.03.45:281][  0]LogConfig: Setting CVar [[r.SSR.Quality:3]]
[2019.04.23-20.03.45:281][  0]LogConfig: Setting CVar [[r.SceneColorFormat:4]]
[2019.04.23-20.03.45:281][  0]LogConfig: Setting CVar [[r.DetailMode:2]]
[2019.04.23-20.03.45:281][  0]LogConfig: Setting CVar [[r.TranslucencyVolumeBlur:1]]
[2019.04.23-20.03.45:281][  0]LogConfig: Setting CVar [[r.MaterialQualityLevel:1 ; High quality]]
[2019.04.23-20.03.45:281][  0]LogConfig: Setting CVar [[r.SSS.Scale:1]]
[2019.04.23-20.03.45:281][  0]LogConfig: Setting CVar [[r.SSS.SampleSet:2]]
[2019.04.23-20.03.45:281][  0]LogConfig: Setting CVar [[r.SSS.Quality:1]]
[2019.04.23-20.03.45:281][  0]LogConfig: Setting CVar [[r.SSS.HalfRes:1]]
[2019.04.23-20.03.45:281][  0]LogConfig: Setting CVar [[r.EmitterSpawnRateScale:1.0]]
[2019.04.23-20.03.45:281][  0]LogConfig: Setting CVar [[r.ParticleLightQuality:2]]
[2019.04.23-20.03.45:281][  0]LogConfig: Applying CVar settings from Section [FoliageQuality@3] File [C:/Users/Ryan/GitHub/UE4_AI/AI/Saved/Config/Windows/Scalability.ini]
[2019.04.23-20.03.45:281][  0]LogConfig: Setting CVar [[foliage.DensityScale:1.0]]
[2019.04.23-20.03.45:281][  0]LogConfig: Setting CVar [[grass.DensityScale:1.0]]
[2019.04.23-20.03.45:281][  0]LogInit: Selected Device Profile: [Windows]
[2019.04.23-20.03.45:282][  0]LogInit: Applying CVar settings loaded from the selected device profile: [Windows]
[2019.04.23-20.03.45:305][  0]LogHAL: Display: Platform has ~ 16 GB [17120346112 / 17179869184 / 16], which maps to Larger [LargestMinGB=32, LargerMinGB=12, DefaultMinGB=8, SmallerMinGB=6, SmallestMinGB=0)
[2019.04.23-20.03.45:305][  0]LogConfig: Setting CVar [[r.Vulkan.UseRealUBs:1]]
[2019.04.23-20.03.45:305][  0]LogInit: Going up to parent DeviceProfile []
[2019.04.23-20.03.45:305][  0]LogConfig: Applying CVar settings from Section [ViewDistanceQuality@3] File [C:/Users/Ryan/GitHub/UE4_AI/AI/Saved/Config/Windows/Scalability.ini]
[2019.04.23-20.03.45:305][  0]LogConfig: Setting CVar [[r.SkeletalMeshLODBias:0]]
[2019.04.23-20.03.45:305][  0]LogConfig: Setting CVar [[r.ViewDistanceScale:1.0]]
[2019.04.23-20.03.45:305][  0]LogConfig: Applying CVar settings from Section [AntiAliasingQuality@3] File [C:/Users/Ryan/GitHub/UE4_AI/AI/Saved/Config/Windows/Scalability.ini]
[2019.04.23-20.03.45:305][  0]LogConfig: Setting CVar [[r.PostProcessAAQuality:4]]
[2019.04.23-20.03.45:305][  0]LogConfig: Applying CVar settings from Section [ShadowQuality@3] File [C:/Users/Ryan/GitHub/UE4_AI/AI/Saved/Config/Windows/Scalability.ini]
[2019.04.23-20.03.45:305][  0]LogConfig: Setting CVar [[r.LightFunctionQuality:1]]
[2019.04.23-20.03.45:305][  0]LogConfig: Setting CVar [[r.ShadowQuality:5]]
[2019.04.23-20.03.45:306][  0]LogConfig: Setting CVar [[r.Shadow.CSM.MaxCascades:10]]
[2019.04.23-20.03.45:306][  0]LogConfig: Setting CVar [[r.Shadow.MaxResolution:2048]]
[2019.04.23-20.03.45:306][  0]LogConfig: Setting CVar [[r.Shadow.MaxCSMResolution:2048]]
[2019.04.23-20.03.45:306][  0]LogConfig: Setting CVar [[r.Shadow.RadiusThreshold:0.01]]
[2019.04.23-20.03.45:306][  0]LogConfig: Setting CVar [[r.Shadow.DistanceScale:1.0]]
[2019.04.23-20.03.45:306][  0]LogConfig: Setting CVar [[r.Shadow.CSM.TransitionScale:1.0]]
[2019.04.23-20.03.45:306][  0]LogConfig: Setting CVar [[r.Shadow.PreShadowResolutionFactor:1.0]]
[2019.04.23-20.03.45:306][  0]LogConfig: Setting CVar [[r.DistanceFieldShadowing:1]]
[2019.04.23-20.03.45:306][  0]LogConfig: Setting CVar [[r.DistanceFieldAO:1]]
[2019.04.23-20.03.45:306][  0]LogConfig: Setting CVar [[r.AOQuality:2]]
[2019.04.23-20.03.45:306][  0]LogConfig: Setting CVar [[r.VolumetricFog:1]]
[2019.04.23-20.03.45:306][  0]LogConfig: Setting CVar [[r.VolumetricFog.GridPixelSize:8]]
[2019.04.23-20.03.45:306][  0]LogConfig: Setting CVar [[r.VolumetricFog.GridSizeZ:128]]
[2019.04.23-20.03.45:306][  0]LogConfig: Setting CVar [[r.VolumetricFog.HistoryMissSupersampleCount:4]]
[2019.04.23-20.03.45:306][  0]LogConfig: Setting CVar [[r.LightMaxDrawDistanceScale:1]]
[2019.04.23-20.03.45:306][  0]LogConfig: Setting CVar [[r.CapsuleShadows:1]]
[2019.04.23-20.03.45:306][  0]LogConfig: Applying CVar settings from Section [PostProcessQuality@3] File [C:/Users/Ryan/GitHub/UE4_AI/AI/Saved/Config/Windows/Scalability.ini]
[2019.04.23-20.03.45:306][  0]LogConfig: Setting CVar [[r.MotionBlurQuality:4]]
[2019.04.23-20.03.45:306][  0]LogConfig: Setting CVar [[r.AmbientOcclusionMipLevelFactor:0.4]]
[2019.04.23-20.03.45:306][  0]LogConfig: Setting CVar [[r.AmbientOcclusionMaxQuality:100]]
[2019.04.23-20.03.45:306][  0]LogConfig: Setting CVar [[r.AmbientOcclusionLevels:-1]]
[2019.04.23-20.03.45:306][  0]LogConfig: Setting CVar [[r.AmbientOcclusionRadiusScale:1.0]]
[2019.04.23-20.03.45:306][  0]LogConfig: Setting CVar [[r.DepthOfFieldQuality:2]]
[2019.04.23-20.03.45:306][  0]LogConfig: Setting CVar [[r.RenderTargetPoolMin:400]]
[2019.04.23-20.03.45:306][  0]LogConfig: Setting CVar [[r.LensFlareQuality:2]]
[2019.04.23-20.03.45:306][  0]LogConfig: Setting CVar [[r.SceneColorFringeQuality:1]]
[2019.04.23-20.03.45:306][  0]LogConfig: Setting CVar [[r.EyeAdaptationQuality:2]]
[2019.04.23-20.03.45:306][  0]LogConfig: Setting CVar [[r.BloomQuality:5]]
[2019.04.23-20.03.45:306][  0]LogConfig: Setting CVar [[r.FastBlurThreshold:100]]
[2019.04.23-20.03.45:306][  0]LogConfig: Setting CVar [[r.Upscale.Quality:3]]
[2019.04.23-20.03.45:306][  0]LogConfig: Setting CVar [[r.Tonemapper.GrainQuantization:1]]
[2019.04.23-20.03.45:306][  0]LogConfig: Setting CVar [[r.LightShaftQuality:1]]
[2019.04.23-20.03.45:306][  0]LogConfig: Setting CVar [[r.Filter.SizeScale:1]]
[2019.04.23-20.03.45:306][  0]LogConfig: Setting CVar [[r.Tonemapper.Quality:5]]
[2019.04.23-20.03.45:306][  0]LogConfig: Setting CVar [[r.DOF.Gather.AccumulatorQuality:1        ; higher gathering accumulator quality]]
[2019.04.23-20.03.45:306][  0]LogConfig: Setting CVar [[r.DOF.Gather.PostfilterMethod:1          ; Median3x3 postfilering method]]
[2019.04.23-20.03.45:306][  0]LogConfig: Setting CVar [[r.DOF.Gather.EnableBokehSettings:0       ; no bokeh simulation when gathering]]
[2019.04.23-20.03.45:306][  0]LogConfig: Setting CVar [[r.DOF.Gather.RingCount:4                 ; medium number of samples when gathering]]
[2019.04.23-20.03.45:306][  0]LogConfig: Setting CVar [[r.DOF.Scatter.ForegroundCompositing:1    ; additive foreground scattering]]
[2019.04.23-20.03.45:306][  0]LogConfig: Setting CVar [[r.DOF.Scatter.BackgroundCompositing:2    ; additive background scattering]]
[2019.04.23-20.03.45:306][  0]LogConfig: Setting CVar [[r.DOF.Scatter.EnableBokehSettings:1      ; bokeh simulation when scattering]]
[2019.04.23-20.03.45:306][  0]LogConfig: Setting CVar [[r.DOF.Scatter.MaxSpriteRatio:0.1         ; only a maximum of 10% of scattered bokeh]]
[2019.04.23-20.03.45:306][  0]LogConfig: Setting CVar [[r.DOF.Recombine.Quality:1                ; cheap slight out of focus]]
[2019.04.23-20.03.45:306][  0]LogConfig: Setting CVar [[r.DOF.Recombine.EnableBokehSettings:0    ; no bokeh simulation on slight out of focus]]
[2019.04.23-20.03.45:306][  0]LogConfig: Setting CVar [[r.DOF.TemporalAAQuality:1                ; more stable temporal accumulation]]
[2019.04.23-20.03.45:306][  0]LogConfig: Setting CVar [[r.DOF.Kernel.MaxForegroundRadius:0.025]]
[2019.04.23-20.03.45:306][  0]LogConfig: Setting CVar [[r.DOF.Kernel.MaxBackgroundRadius:0.025]]
[2019.04.23-20.03.45:306][  0]LogConfig: Applying CVar settings from Section [TextureQuality@3] File [C:/Users/Ryan/GitHub/UE4_AI/AI/Saved/Config/Windows/Scalability.ini]
[2019.04.23-20.03.45:306][  0]LogConfig: Setting CVar [[r.Streaming.MipBias:0]]
[2019.04.23-20.03.45:306][  0]LogConfig: Setting CVar [[r.Streaming.AmortizeCPUToGPUCopy:0]]
[2019.04.23-20.03.45:306][  0]LogConfig: Setting CVar [[r.Streaming.MaxNumTexturesToStreamPerFrame:0]]
[2019.04.23-20.03.45:306][  0]LogConfig: Setting CVar [[r.Streaming.Boost:1]]
[2019.04.23-20.03.45:306][  0]LogConfig: Setting CVar [[r.MaxAnisotropy:8]]
[2019.04.23-20.03.45:306][  0]LogConfig: Setting CVar [[r.Streaming.LimitPoolSizeToVRAM:0]]
[2019.04.23-20.03.45:306][  0]LogConfig: Setting CVar [[r.Streaming.PoolSize:1000]]
[2019.04.23-20.03.45:306][  0]LogConfig: Setting CVar [[r.Streaming.MaxEffectiveScreenSize:0]]
[2019.04.23-20.03.45:306][  0]LogConfig: Applying CVar settings from Section [EffectsQuality@3] File [C:/Users/Ryan/GitHub/UE4_AI/AI/Saved/Config/Windows/Scalability.ini]
[2019.04.23-20.03.45:306][  0]LogConfig: Setting CVar [[r.TranslucencyLightingVolumeDim:64]]
[2019.04.23-20.03.45:306][  0]LogConfig: Setting CVar [[r.RefractionQuality:2]]
[2019.04.23-20.03.45:306][  0]LogConfig: Setting CVar [[r.SSR.Quality:3]]
[2019.04.23-20.03.45:306][  0]LogConfig: Setting CVar [[r.SceneColorFormat:4]]
[2019.04.23-20.03.45:306][  0]LogConfig: Setting CVar [[r.DetailMode:2]]
[2019.04.23-20.03.45:306][  0]LogConfig: Setting CVar [[r.TranslucencyVolumeBlur:1]]
[2019.04.23-20.03.45:306][  0]LogConfig: Setting CVar [[r.MaterialQualityLevel:1 ; High quality]]
[2019.04.23-20.03.45:306][  0]LogConfig: Setting CVar [[r.SSS.Scale:1]]
[2019.04.23-20.03.45:306][  0]LogConfig: Setting CVar [[r.SSS.SampleSet:2]]
[2019.04.23-20.03.45:306][  0]LogConfig: Setting CVar [[r.SSS.Quality:1]]
[2019.04.23-20.03.45:306][  0]LogConfig: Setting CVar [[r.SSS.HalfRes:1]]
[2019.04.23-20.03.45:306][  0]LogConfig: Setting CVar [[r.EmitterSpawnRateScale:1.0]]
[2019.04.23-20.03.45:306][  0]LogConfig: Setting CVar [[r.ParticleLightQuality:2]]
[2019.04.23-20.03.45:306][  0]LogConfig: Applying CVar settings from Section [FoliageQuality@3] File [C:/Users/Ryan/GitHub/UE4_AI/AI/Saved/Config/Windows/Scalability.ini]
[2019.04.23-20.03.45:306][  0]LogConfig: Setting CVar [[foliage.DensityScale:1.0]]
[2019.04.23-20.03.45:307][  0]LogConfig: Setting CVar [[grass.DensityScale:1.0]]
[2019.04.23-20.03.45:307][  0]LogConfig: Applying CVar settings from Section [Startup] File [../../../Engine/Config/ConsoleVariables.ini]
[2019.04.23-20.03.45:311][  0]LogConfig: Setting CVar [[net.UseAdaptiveNetUpdateFrequency:0]]
[2019.04.23-20.03.45:311][  0]LogConfig: Applying CVar settings from Section [ConsoleVariables] File [C:/Users/Ryan/GitHub/UE4_AI/AI/Saved/Config/Windows/Engine.ini]
[2019.04.23-20.03.45:312][  0]LogInit: Computer: RYAN-PC
[2019.04.23-20.03.45:312][  0]LogInit: User: Ryan
[2019.04.23-20.03.45:312][  0]LogInit: CPU Page size=4096, Cores=4
[2019.04.23-20.03.45:312][  0]LogInit: High frequency timer resolution =3.125002 MHz
[2019.04.23-20.03.45:313][  0]LogMemory: Memory total: Physical=15.9GB (16GB approx)
[2019.04.23-20.03.45:313][  0]LogMemory: Platform Memory Stats for Windows
[2019.04.23-20.03.45:313][  0]LogMemory: Process Physical Memory: 102.20 MB used, 102.20 MB peak
[2019.04.23-20.03.45:313][  0]LogMemory: Process Virtual Memory: 84.84 MB used, 84.84 MB peak
[2019.04.23-20.03.45:313][  0]LogMemory: Physical Memory: 4537.47 MB used,  11789.77 MB free, 16327.23 MB total
[2019.04.23-20.03.45:313][  0]LogMemory: Virtual Memory: 4628.10 MB used,  134213096.00 MB free, 134217728.00 MB total
[2019.04.23-20.03.45:511][  0]LogInit: Using OS detected language (en-US).
[2019.04.23-20.03.45:511][  0]LogInit: Using OS detected locale (en-US).
[2019.04.23-20.03.45:514][  0]LogTextLocalizationManager: No specific localization for 'en-US' exists, so the 'en' localization will be used.
[2019.04.23-20.03.46:126][  0]LogStreaming: Display: Took  0.615s to InitEngineTextLocalization.
[2019.04.23-20.03.46:126][  0]LogInit: Setting process to per monitor DPI aware
[2019.04.23-20.03.46:225][  0]LogSlate: New Slate User Created.  User Index 0, Is Virtual User: 0
[2019.04.23-20.03.46:225][  0]LogSlate: Slate User Registered.  User Index 0, Is Virtual User: 0
[2019.04.23-20.03.48:527][  0]LogHMD: Failed to initialize OpenVR with code 110
[2019.04.23-20.03.48:527][  0]LogD3D11RHI: D3D11 adapters:
[2019.04.23-20.03.48:568][  0]LogD3D11RHI:    0. 'AMD Radeon R9 200 Series' (Feature Level 11_0)
[2019.04.23-20.03.48:568][  0]LogD3D11RHI:       3052/0/8163 MB DedicatedVideo/DedicatedSystem/SharedSystem, Outputs:2, VendorId:0x1002
[2019.04.23-20.03.48:573][  0]LogD3D11RHI:    1. 'Microsoft Basic Render Driver' (Feature Level 11_0)
[2019.04.23-20.03.48:573][  0]LogD3D11RHI:       0/0/8163 MB DedicatedVideo/DedicatedSystem/SharedSystem, Outputs:0, VendorId:0x1414
[2019.04.23-20.03.48:573][  0]LogD3D11RHI: Chosen D3D11 Adapter: 0
[2019.04.23-20.03.48:582][  0]LogD3D11RHI: Creating new Direct3DDevice
[2019.04.23-20.03.48:582][  0]LogD3D11RHI:     GPU DeviceId: 0x679a (for the marketing name, search the web for "GPU Device Id")
[2019.04.23-20.03.48:582][  0]LogWindows: EnumDisplayDevices:
[2019.04.23-20.03.48:582][  0]LogWindows:    0. 'AMD Radeon R9 200 Series' (P:1 D:1)
[2019.04.23-20.03.48:583][  0]LogWindows:    1. 'AMD Radeon R9 200 Series' (P:0 D:1)
[2019.04.23-20.03.48:583][  0]LogWindows:    2. 'AMD Radeon R9 200 Series' (P:0 D:0)
[2019.04.23-20.03.48:584][  0]LogWindows:    3. 'AMD Radeon R9 200 Series' (P:0 D:0)
[2019.04.23-20.03.48:584][  0]LogWindows:    4. 'AMD Radeon R9 200 Series' (P:0 D:0)
[2019.04.23-20.03.48:585][  0]LogWindows:    5. 'AMD Radeon R9 200 Series' (P:0 D:0)
[2019.04.23-20.03.48:585][  0]LogWindows:    6. 'AMD Radeon R9 200 Series' (P:0 D:0)
[2019.04.23-20.03.48:586][  0]LogWindows:    7. 'AMD Radeon R9 200 Series' (P:0 D:0)
[2019.04.23-20.03.48:587][  0]LogWindows: DebugString: FoundDriverCount:8 
[2019.04.23-20.03.48:587][  0]LogD3D11RHI:     Adapter Name: AMD Radeon R9 200 Series
[2019.04.23-20.03.48:587][  0]LogD3D11RHI:   Driver Version: Adrenalin 2019 18.12.2 (internal:25.20.15002.58, unified:25.20.15002.58)
[2019.04.23-20.03.48:587][  0]LogD3D11RHI:      Driver Date: 12-6-2018
[2019.04.23-20.03.48:587][  0]LogRHI: Texture pool is 2136 MB (70% of 3052 MB)
[2019.04.23-20.03.48:646][  0]LogD3D11RHI: Async texture creation enabled
[2019.04.23-20.03.48:668][  0]LogD3D11RHI: GPU Timing Frequency: 27.000000 (Debug: 2 1)
[2019.04.23-20.03.49:180][  0]LogTemp: Display: Loaded TP AllDesktopTargetPlatform
[2019.04.23-20.03.49:196][  0]LogTemp: Display: Loaded TP MacClientTargetPlatform
[2019.04.23-20.03.49:212][  0]LogTemp: Display: Loaded TP MacNoEditorTargetPlatform
[2019.04.23-20.03.49:228][  0]LogTemp: Display: Loaded TP MacServerTargetPlatform
[2019.04.23-20.03.49:248][  0]LogTemp: Display: Loaded TP MacTargetPlatform
[2019.04.23-20.03.49:265][  0]LogTemp: Display: Loaded TP WindowsClientTargetPlatform
[2019.04.23-20.03.49:281][  0]LogTemp: Display: Loaded TP WindowsNoEditorTargetPlatform
[2019.04.23-20.03.49:298][  0]LogTemp: Display: Loaded TP WindowsServerTargetPlatform
[2019.04.23-20.03.49:307][  0]LogTemp: Display: Loaded TP WindowsTargetPlatform
[2019.04.23-20.03.49:396][  0]LogTemp: Display: Loaded TP AndroidTargetPlatform
[2019.04.23-20.03.49:396][  0]LogTemp: Display: Loaded TP AndroidTargetPlatform
[2019.04.23-20.03.49:396][  0]LogTemp: Display: Loaded TP AndroidTargetPlatform
[2019.04.23-20.03.49:396][  0]LogTemp: Display: Loaded TP AndroidTargetPlatform
[2019.04.23-20.03.49:396][  0]LogTemp: Display: Loaded TP AndroidTargetPlatform
[2019.04.23-20.03.49:396][  0]LogTemp: Display: Loaded TP AndroidTargetPlatform
[2019.04.23-20.03.49:396][  0]LogTemp: Display: Loaded TP AndroidTargetPlatform
[2019.04.23-20.03.49:396][  0]LogTemp: Display: Loaded TP AndroidTargetPlatform
[2019.04.23-20.03.49:396][  0]LogTemp: Display: Loaded TP AndroidTargetPlatform
[2019.04.23-20.03.49:396][  0]LogTemp: Display: Loaded TP AndroidTargetPlatform
[2019.04.23-20.03.49:396][  0]LogTemp: Display: Loaded TP AndroidTargetPlatform
[2019.04.23-20.03.49:396][  0]LogTemp: Display: Loaded TP AndroidTargetPlatform
[2019.04.23-20.03.49:396][  0]LogTemp: Display: Loaded TP AndroidTargetPlatform
[2019.04.23-20.03.49:396][  0]LogTemp: Display: Loaded TP AndroidTargetPlatform
[2019.04.23-20.03.49:396][  0]LogTemp: Display: Loaded TP AndroidTargetPlatform
[2019.04.23-20.03.49:396][  0]LogTemp: Display: Loaded TP AndroidTargetPlatform
[2019.04.23-20.03.49:396][  0]LogTemp: Display: Loaded TP AndroidTargetPlatform
[2019.04.23-20.03.49:396][  0]LogTemp: Display: Loaded TP AndroidTargetPlatform
[2019.04.23-20.03.49:400][  0]LogTemp: Display: Loaded TP HTML5TargetPlatform
[2019.04.23-20.03.49:477][  0]LogTemp: Display: Loaded TP IOSTargetPlatform
[2019.04.23-20.03.49:477][  0]LogTemp: Display: Loaded TP IOSTargetPlatform
[2019.04.23-20.03.49:505][  0]LogTemp: Display: Loaded TP TVOSTargetPlatform
[2019.04.23-20.03.49:505][  0]LogTemp: Display: Loaded TP TVOSTargetPlatform
[2019.04.23-20.03.49:521][  0]LogTemp: Display: Loaded TP LinuxClientTargetPlatform
[2019.04.23-20.03.49:536][  0]LogTemp: Display: Loaded TP LinuxNoEditorTargetPlatform
[2019.04.23-20.03.49:551][  0]LogTemp: Display: Loaded TP LinuxServerTargetPlatform
[2019.04.23-20.03.49:573][  0]LogTemp: Display: Loaded TP LinuxTargetPlatform
[2019.04.23-20.03.49:625][  0]LogTemp: Display: Loaded TP LuminTargetPlatform
[2019.04.23-20.03.49:626][  0]LogTemp: Display: Loaded TP LuminTargetPlatform
[2019.04.23-20.03.49:626][  0]LogTargetPlatformManager: Display: Building Assets For Windows
[2019.04.23-20.03.49:777][  0]LogShaderCompilers: Guid format shader working directory is 14 characters bigger than the processId version (../../../../../GitHub/UE4_AI/AI/Intermediate/Shaders/WorkingDirectory/5188/).
[2019.04.23-20.03.49:777][  0]LogShaderCompilers: Cleaned the shader compiler working directory 'C:/Users/Ryan/AppData/Local/Temp/UnrealShaderWorkingDir/13E39B7B4B3CD0642394028EF5D8B3AC/'.
[2019.04.23-20.03.49:781][  0]LogXGEController: Cleaning working directory: C:/Users/Ryan/AppData/Local/Temp/UnrealXGEWorkingDir/
[2019.04.23-20.03.49:781][  0]LogXGEController: Cannot use XGE Controller as Incredibuild is not installed on this machine.
[2019.04.23-20.03.49:781][  0]LogShaderCompilers: Cannot use XGE Shader Compiler as Incredibuild is not installed on this machine.
[2019.04.23-20.03.49:781][  0]LogShaderCompilers: Display: Using Local Shader Compiler.
[2019.04.23-20.03.51:588][  0]LogDerivedDataCache: Display: Max Cache Size: 512 MB
[2019.04.23-20.03.51:796][  0]LogDerivedDataCache: Loaded boot cache 0.21s 71MB C:/Users/Ryan/AppData/Local/UnrealEngine/4.21/DerivedDataCache/Boot.ddc.
[2019.04.23-20.03.51:796][  0]LogDerivedDataCache: Display: Loaded Boot cache: C:/Users/Ryan/AppData/Local/UnrealEngine/4.21/DerivedDataCache/Boot.ddc
[2019.04.23-20.03.51:796][  0]LogDerivedDataCache: FDerivedDataBackendGraph:  Pak pak cache file ../../../../../GitHub/UE4_AI/AI/DerivedDataCache/DDC.ddp not found, will not use a pak cache.
[2019.04.23-20.03.51:796][  0]LogDerivedDataCache: Unable to find inner node Pak for hierarchical cache Hierarchy.
[2019.04.23-20.03.51:797][  0]LogDerivedDataCache: FDerivedDataBackendGraph:  CompressedPak pak cache file ../../../../../GitHub/UE4_AI/AI/DerivedDataCache/Compressed.ddp not found, will not use a pak cache.
[2019.04.23-20.03.51:797][  0]LogDerivedDataCache: Unable to find inner node CompressedPak for hierarchical cache Hierarchy.
[2019.04.23-20.03.51:821][  0]LogDerivedDataCache: Display: Pak cache opened for reading ../../../Engine/DerivedDataCache/Compressed.ddp.
[2019.04.23-20.03.51:821][  0]LogDerivedDataCache: FDerivedDataBackendGraph:  EnterprisePak pak cache file ../../../Enterprise/DerivedDataCache/Compressed.ddp not found, will not use a pak cache.
[2019.04.23-20.03.51:821][  0]LogDerivedDataCache: Unable to find inner node EnterprisePak for hierarchical cache Hierarchy.
[2019.04.23-20.03.51:834][  0]LogDerivedDataCache: Using Local data cache path C:/Users/Ryan/AppData/Local/UnrealEngine/Common/DerivedDataCache: Writable
[2019.04.23-20.03.51:834][  0]LogDerivedDataCache: Shared data cache path not found in *engine.ini, will not use an Shared cache.
[2019.04.23-20.03.51:834][  0]LogDerivedDataCache: Unable to find inner node Shared for hierarchical cache Hierarchy.
[2019.04.23-20.03.51:859][  0]LogMaterial: Verifying Global Shaders for PCD3D_SM5
[2019.04.23-20.03.51:865][  0]LogSlate: Using FreeType 2.6.0
[2019.04.23-20.03.51:877][  0]LogSlate: SlateFontServices - WITH_FREETYPE: 1, WITH_HARFBUZZ: 1
[2019.04.23-20.03.52:172][  0]LogAssetRegistry: FAssetRegistry took 0.0362 seconds to start up
[2019.04.23-20.03.52:578][  0]LogInit: Selected Device Profile: [Windows]
[2019.04.23-20.03.52:787][  0]LogSimplygon: Simplygon DLL not present - disabling.
[2019.04.23-20.03.52:804][  0]LogMeshReduction: Using SimplygonSwarm for distributed automatic mesh merging
[2019.04.23-20.03.52:804][  0]LogMeshReduction: Using ProxyLODMeshReduction for automatic mesh merging
[2019.04.23-20.03.52:805][  0]LogMeshReduction: Using QuadricMeshReduction for automatic static mesh reduction
[2019.04.23-20.03.52:805][  0]LogMeshReduction: No automatic skeletal mesh reduction module available
[2019.04.23-20.03.52:950][  0]LogNetVersion: AI 1.0.0, NetCL: 4541578, EngineNetVer: 5, GameNetVer: 0 (Checksum: 2347557294)
[2019.04.23-20.03.54:152][  0]LogPackageLocalizationCache: Processed 11 localized package path(s) for 2 prioritized culture(s) in 0.117592 seconds
[2019.04.23-20.03.54:159][  0]LogUObjectArray: 39775 objects as part of root set at end of initial load.
[2019.04.23-20.03.54:159][  0]LogUObjectAllocator: 6914664 out of 0 bytes used by permanent object pool.
[2019.04.23-20.03.54:159][  0]LogUObjectArray: CloseDisregardForGC: 0/0 objects in disregard for GC pool
[2019.04.23-20.03.57:254][  0]LogTcpMessaging: Initializing TcpMessaging bridge
[2019.04.23-20.03.57:270][  0]LogUdpMessaging: Initializing bridge on interface 0.0.0.0:0 to multicast group 230.0.0.1:6666.
[2019.04.23-20.03.58:206][  0]SourceControl: Source control is disabled
[2019.04.23-20.03.58:206][  0]SourceControl: Source control is disabled
[2019.04.23-20.03.58:215][  0]SourceControl: Source control is disabled
[2019.04.23-20.03.58:218][  0]SourceControl: Source control is disabled
[2019.04.23-20.03.58:506][  0]LogAndroidPermission: UAndroidPermissionCallbackProxy::GetInstance
[2019.04.23-20.03.58:672][  0]LogOcInput: OculusInput pre-init called
[2019.04.23-20.03.58:875][  0]LogEngine: Initializing Engine...
[2019.04.23-20.03.58:877][  0]LogHMD: Failed to initialize OpenVR with code 110
[2019.04.23-20.03.58:879][  0]LogStats: UGameplayTagsManager::ConstructGameplayTagTree: ImportINI prefixes -  0.000 s
[2019.04.23-20.03.58:879][  0]LogStats: UGameplayTagsManager::ConstructGameplayTagTree: Construct from data asset -  0.000 s
[2019.04.23-20.03.58:879][  0]LogStats: UGameplayTagsManager::ConstructGameplayTagTree: ImportINI -  0.000 s
[2019.04.23-20.03.58:880][  0]LogStats: UGameplayTagsManager::ConstructGameplayTagTree: GameplayTagTreeChangedEvent.Broadcast -  0.000 s
[2019.04.23-20.03.59:293][  0]LogInit: Initializing FReadOnlyCVARCache
[2019.04.23-20.03.59:333][  0]LogAIModule: Creating AISystem for world Untitled
[2019.04.23-20.03.59:370][  0]LogInit: XAudio2 using 'Speakers (Logitech G430 Gaming Headset)' : 6 channels at 48 kHz using 16 bits per sample (channel mask 0x3f)
[2019.04.23-20.03.59:393][  0]LogInit: FAudioDevice initialized.
[2019.04.23-20.03.59:393][  0]LogNetVersion: Set ProjectVersion to 1.0.0.0. Version Checksum will be recalculated on next use.
[2019.04.23-20.03.59:479][  0]LogDerivedDataCache: Saved boot cache 0.09s 71MB C:/Users/Ryan/AppData/Local/UnrealEngine/4.21/DerivedDataCache/Boot.ddc.
[2019.04.23-20.03.59:496][  0]LogInit: Texture streaming: Enabled
[2019.04.23-20.03.59:525][  0]LogEngineSessionManager: EngineSessionManager initialized
[2019.04.23-20.03.59:548][  0]LogInit: Transaction tracking system initialized
[2019.04.23-20.03.59:605][  0]BlueprintLog: New page: Editor Load
[2019.04.23-20.03.59:806][  0]LocalizationService: Localization service is disabled
[2019.04.23-20.04.00:590][  0]LogFileCache: Scanning file cache for directory 'C:/Users/Ryan/GitHub/UE4_AI/AI/Content/' took 0.02s
[2019.04.23-20.04.00:590][  0]LogCook: Display: Max memory allowance for cook 16384mb min free memory 0mb
[2019.04.23-20.04.00:591][  0]LogCook: Display: Mobile HDR setting 1
[2019.04.23-20.04.00:591][  0]LogGameplayTags: Display: UGameplayTagsManager::DoneAddingNativeTags. DelegateIsBound: 0
[2019.04.23-20.04.00:591][  0]LogStats: UGameplayTagsManager::ConstructGameplayTagTree: ImportINI prefixes -  0.000 s
[2019.04.23-20.04.00:591][  0]LogStats: UGameplayTagsManager::ConstructGameplayTagTree: Construct from data asset -  0.000 s
[2019.04.23-20.04.00:591][  0]LogStats: UGameplayTagsManager::ConstructGameplayTagTree: ImportINI -  0.000 s
[2019.04.23-20.04.00:591][  0]LogStats: UGameplayTagsManager::ConstructGameplayTagTree: GameplayTagTreeChangedEvent.Broadcast -  0.000 s
[2019.04.23-20.04.00:929][  0]SourceControl: Source control is disabled
[2019.04.23-20.04.00:931][  0]Cmd: MAP LOAD FILE="../../../../../GitHub/UE4_AI/AI/Content/MyContent/Map/AI.umap" TEMPLATE=0 SHOWPROGRESS=1 FEATURELEVEL=3
[2019.04.23-20.04.00:936][  0]LightingResults: New page: Lighting Build
[2019.04.23-20.04.00:945][  0]MapCheck: New page: Map Check
[2019.04.23-20.04.00:945][  0]LightingResults: New page: Lighting Build
[2019.04.23-20.04.02:529][  0]LogAIModule: Creating AISystem for world AI
[2019.04.23-20.04.02:555][  0]LogEditorServer: Finished looking for orphan Actors (0.000 secs)
[2019.04.23-20.04.02:582][  0]Cmd: MAP CHECKDEP NOCLEARLOG
[2019.04.23-20.04.02:582][  0]MapCheck: Map check complete: 0 Error(s), 0 Warning(s), took 0.162ms to complete.
[2019.04.23-20.04.02:582][  0]LogFileHelpers: Loading map 'AI' took 1.653
[2019.04.23-20.04.02:739][  0]LogSlate: Updating window title bar state: overlay mode, drag disabled, window buttons hidden, title bar hidden
[2019.04.23-20.04.02:747][  0]LogSlate: Updating window title bar state: overlay mode, drag disabled, window buttons hidden, title bar hidden
[2019.04.23-20.04.02:755][  0]LogSlate: Updating window title bar state: overlay mode, drag disabled, window buttons hidden, title bar hidden
[2019.04.23-20.04.02:762][  0]LogSlate: Updating window title bar state: overlay mode, drag disabled, window buttons hidden, title bar hidden
[2019.04.23-20.04.02:781][  0]LogCollectionManager: Loaded 0 collections in 0.002663 seconds
[2019.04.23-20.04.02:823][  0]LogFileCache: Scanning file cache for directory 'C:/Users/Ryan/GitHub/UE4_AI/AI/Saved/Collections/' took 0.01s
[2019.04.23-20.04.02:823][  0]LogFileCache: Scanning file cache for directory 'C:/Users/Ryan/GitHub/UE4_AI/AI/Content/Developers/Ryan/Collections/' took 0.01s
[2019.04.23-20.04.02:823][  0]LogFileCache: Scanning file cache for directory 'C:/Users/Ryan/GitHub/UE4_AI/AI/Content/Collections/' took 0.00s
[2019.04.23-20.04.02:823][  0]LogCollectionManager: Rebuilt the GUID cache for 0 collections in 0.000000 seconds
[2019.04.23-20.04.02:833][  0]LogContentBrowser: Native class hierarchy populated in 0.0096 seconds. Added 2651 classes and 620 folders.
[2019.04.23-20.04.02:847][  0]LogContentBrowser: Native class hierarchy updated for 'WidgetCarousel' in 0.0003 seconds. Added 0 classes and 0 folders.
[2019.04.23-20.04.02:857][  0]LogPakFile: Registered encryption key '00000000000000000000000000000000': 0 pak files mounted, 0 remain pending
[2019.04.23-20.04.02:864][  0]LogPakFile: Registered encryption key '00000000000000000000000000000000': 0 pak files mounted, 0 remain pending
[2019.04.23-20.04.02:878][  0]LogPakFile: Registered encryption key '00000000000000000000000000000000': 0 pak files mounted, 0 remain pending
[2019.04.23-20.04.02:883][  0]LogPakFile: Registered encryption key '00000000000000000000000000000000': 0 pak files mounted, 0 remain pending
[2019.04.23-20.04.02:890][  0]LogPakFile: Registered encryption key '00000000000000000000000000000000': 0 pak files mounted, 0 remain pending
[2019.04.23-20.04.02:894][  0]LogPakFile: Registered encryption key '00000000000000000000000000000000': 0 pak files mounted, 0 remain pending
[2019.04.23-20.04.02:899][  0]LogPakFile: Registered encryption key '00000000000000000000000000000000': 0 pak files mounted, 0 remain pending
[2019.04.23-20.04.02:904][  0]LogPakFile: Registered encryption key '00000000000000000000000000000000': 0 pak files mounted, 0 remain pending
[2019.04.23-20.04.02:909][  0]LogPakFile: Registered encryption key '00000000000000000000000000000000': 0 pak files mounted, 0 remain pending
[2019.04.23-20.04.02:915][  0]LogPakFile: Registered encryption key '00000000000000000000000000000000': 0 pak files mounted, 0 remain pending
[2019.04.23-20.04.02:920][  0]LogPakFile: Registered encryption key '00000000000000000000000000000000': 0 pak files mounted, 0 remain pending
[2019.04.23-20.04.02:924][  0]LogPakFile: Registered encryption key '00000000000000000000000000000000': 0 pak files mounted, 0 remain pending
[2019.04.23-20.04.02:929][  0]LogPakFile: Registered encryption key '00000000000000000000000000000000': 0 pak files mounted, 0 remain pending
[2019.04.23-20.04.02:935][  0]LogPakFile: Registered encryption key '00000000000000000000000000000000': 0 pak files mounted, 0 remain pending
[2019.04.23-20.04.02:939][  0]LogPakFile: Registered encryption key '00000000000000000000000000000000': 0 pak files mounted, 0 remain pending
[2019.04.23-20.04.02:943][  0]LogPakFile: Registered encryption key '00000000000000000000000000000000': 0 pak files mounted, 0 remain pending
[2019.04.23-20.04.02:964][  0]LogPakFile: Registered encryption key '00000000000000000000000000000000': 0 pak files mounted, 0 remain pending
[2019.04.23-20.04.02:969][  0]LogPakFile: Registered encryption key '00000000000000000000000000000000': 0 pak files mounted, 0 remain pending
[2019.04.23-20.04.02:974][  0]LogPakFile: Registered encryption key '00000000000000000000000000000000': 0 pak files mounted, 0 remain pending
[2019.04.23-20.04.02:978][  0]LogPakFile: Registered encryption key '00000000000000000000000000000000': 0 pak files mounted, 0 remain pending
[2019.04.23-20.04.03:002][  0]LogPakFile: Registered encryption key '00000000000000000000000000000000': 0 pak files mounted, 0 remain pending
[2019.04.23-20.04.03:006][  0]LogPakFile: Registered encryption key '00000000000000000000000000000000': 0 pak files mounted, 0 remain pending
[2019.04.23-20.04.03:011][  0]LogPakFile: Registered encryption key '00000000000000000000000000000000': 0 pak files mounted, 0 remain pending
[2019.04.23-20.04.03:017][  0]LogPakFile: Registered encryption key '00000000000000000000000000000000': 0 pak files mounted, 0 remain pending
[2019.04.23-20.04.03:022][  0]LogPakFile: Registered encryption key '00000000000000000000000000000000': 0 pak files mounted, 0 remain pending
[2019.04.23-20.04.03:026][  0]LogPakFile: Registered encryption key '00000000000000000000000000000000': 0 pak files mounted, 0 remain pending
[2019.04.23-20.04.03:185][  0]LogContentBrowser: Native class hierarchy updated for 'AddContentDialog' in 0.0003 seconds. Added 0 classes and 0 folders.
[2019.04.23-20.04.03:201][  0]LogContentBrowser: Native class hierarchy updated for 'SceneOutliner' in 0.0003 seconds. Added 1 classes and 2 folders.
[2019.04.23-20.04.03:386][  0]LogContentBrowser: Native class hierarchy updated for 'HierarchicalLODOutliner' in 0.0003 seconds. Added 0 classes and 0 folders.
[2019.04.23-20.04.03:386][  0]LogLoad: (Engine Initialization) Total time: 22.86 seconds
[2019.04.23-20.04.03:387][  0]LogLoad: (Engine Initialization) Total Blueprint compile time: 0.00 seconds
[2019.04.23-20.04.03:453][  0]LogContentStreaming: Texture pool size now 1000 MB
[2019.04.23-20.04.03:460][  0]LogSlate: Took 0.004547 seconds to synchronously load lazily loaded font '../../../Engine/Content/Slate/Fonts/Roboto-Regular.ttf' (155K)
[2019.04.23-20.04.03:465][  0]LogSlate: Took 0.004159 seconds to synchronously load lazily loaded font '../../../Engine/Content/Slate/Fonts/Roboto-Bold.ttf' (160K)
[2019.04.23-20.04.03:475][  0]LogSlate: Took 0.004959 seconds to synchronously load lazily loaded font '../../../Engine/Content/Editor/Slate/Fonts/FontAwesome.ttf' (139K)
[2019.04.23-20.04.03:613][  0]LogSlate: Took 0.004861 seconds to synchronously load lazily loaded font '../../../Engine/Content/Slate/Fonts/Roboto-Light.ttf' (167K)
[2019.04.23-20.04.03:630][  1]LogRenderer: Reallocating scene render targets to support 780x424 Format 10 NumSamples 1 (Frame:1).
[2019.04.23-20.04.03:729][  1]LogAssetRegistry: Asset discovery search completed in 11.5803 seconds
[2019.04.23-20.04.03:731][  1]LogCollectionManager: Rebuilt the object cache for 0 collections in 0.000000 seconds (found 0 objects)
[2019.04.23-20.04.03:731][  1]LogCollectionManager: Fixed up redirectors for 0 collections in 0.000066 seconds (updated 0 objects)
[2019.04.23-20.04.09:741][100]LogRenderer: Reallocating scene render targets to support 1176x672 Format 10 NumSamples 1 (Frame:86).
[2019.04.23-20.08.34:237][602]LogEditorViewport: Clicking on Actor (LMB): LightmassImportanceVolume (LightmassImportanceVolume)
[2019.04.23-20.08.40:597][304]LogEditorViewport: Clicking on Actor (LMB): StaticMeshActor (Mesh_Atmosphere)
[2019.04.23-20.08.41:222][361]LogEditorViewport: Clicking on Actor (LMB): StaticMeshActor (Mesh_Atmosphere)
[2019.04.23-20.08.43:715][614]LogEditorViewport: Clicking on Actor (LMB): LightmassImportanceVolume (LightmassImportanceVolume)
[2019.04.23-20.08.49:972][304]LogSlate: FSceneViewport::OnFocusLost() reason 0
[2019.04.23-20.08.57:068][ 65]LogSlate: FSceneViewport::OnFocusLost() reason 0
[2019.04.23-20.09.21:354][407]LogSlate: Took 0.000283 seconds to synchronously load lazily loaded font '../../../Engine/Content/Slate/Fonts/Roboto-Light.ttf' (167K)
[2019.04.23-20.09.22:893][407]LogSlate: Window 'Pick Parent Class' being destroyed
[2019.04.23-20.09.28:548][ 80]LogAssetEditorManager: Opening Asset editor for Blueprint /Game/MyContent/BP/NPC.NPC
[2019.04.23-20.09.29:106][ 80]LogContentBrowser: Native class hierarchy updated for 'BlueprintGraph' in 0.0007 seconds. Added 117 classes and 0 folders.
[2019.04.23-20.09.33:336][457]LogRenderer: Reallocating scene render targets to support 1176x712 Format 10 NumSamples 1 (Frame:1).
[2019.04.23-20.09.33:689][497]LogSlate: Window 'NPC*' being destroyed
[2019.04.23-20.09.33:911][523]LogSlate: Took 0.004229 seconds to synchronously load lazily loaded font '../../../Engine/Content/Slate/Fonts/Roboto-Italic.ttf' (157K)
[2019.04.23-20.10.03:074][219]LogSlate: FSceneViewport::OnFocusLost() reason 2
[2019.04.23-20.10.07:056][494]LogSlate: Prevented a slow task dialog from being summoned while a context menu was open
[2019.04.23-20.10.16:022][221]LogSlate: FSceneViewport::OnFocusLost() reason 0
[2019.04.23-20.10.16:079][228]BlueprintLog: New page: Compile NPC
[2019.04.23-20.10.16:657][259]Cmd: OBJ SAVEPACKAGE PACKAGE="/Game/MyContent/Map/AI" FILE="../../../../../GitHub/UE4_AI/AI/Content/MyContent/Map/AI.umap" SILENT=true AUTOSAVING=false KEEPDIRTY=false
[2019.04.23-20.10.16:875][259]LogSavePackage: Moving '../../../../../GitHub/UE4_AI/AI/Saved/AI1B6ED47F4BC4C15E4009EB8234BE54F0.tmp' to '../../../../../GitHub/UE4_AI/AI/Content/MyContent/Map/AI.umap'
[2019.04.23-20.10.16:910][259]LogFileHelpers: Saving map 'AI' took 0.254
[2019.04.23-20.10.16:928][259]Cmd: OBJ SAVEPACKAGE PACKAGE="/Game/MyContent/BP/NPC" FILE="../../../../../GitHub/UE4_AI/AI/Content/MyContent/BP/NPC.uasset" SILENT=true
[2019.04.23-20.10.16:956][259]LogSavePackage: Moving '../../../../../GitHub/UE4_AI/AI/Saved/NPC28D8FC52450EE513840BDD8B46583860.tmp' to '../../../../../GitHub/UE4_AI/AI/Content/MyContent/BP/NPC.uasset'
[2019.04.23-20.10.30:756][217]LogSlate: FSceneViewport::OnFocusLost() reason 2
[2019.04.23-20.10.30:760][217]Cmd: OBJ SAVEPACKAGE PACKAGE="/Game/MyContent/BP/NPC" FILE="../../../../../GitHub/UE4_AI/AI/Content/MyContent/BP/NPC.uasset" SILENT=true
[2019.04.23-20.10.30:779][217]LogSavePackage: Moving '../../../../../GitHub/UE4_AI/AI/Saved/NPC4954CC4244EEB41864B3B9AC3619D27C.tmp' to '../../../../../GitHub/UE4_AI/AI/Content/MyContent/BP/NPC.uasset'
[2019.04.23-20.10.39:134][470]LogSlate: Took 0.004867 seconds to synchronously load lazily loaded font '../../../Engine/Content/Slate/Fonts/Roboto-BoldCondensed.ttf' (158K)
[2019.04.23-20.11.26:732][135]LogSlate: Took 0.004619 seconds to synchronously load lazily loaded font '../../../Engine/Content/Slate/Fonts/Roboto-BoldCondensedItalic.ttf' (160K)
[2019.04.23-20.11.51:338][ 66]BlueprintLog: New page: Compile NPC
[2019.04.23-20.13.29:060][112]Cmd: OBJ SAVEPACKAGE PACKAGE="/Game/MyContent/BP/NPC" FILE="../../../../../GitHub/UE4_AI/AI/Content/MyContent/BP/NPC.uasset" SILENT=true
[2019.04.23-20.13.29:088][112]LogSavePackage: Moving '../../../../../GitHub/UE4_AI/AI/Saved/NPC6152406549D2EB199D4E1B834009136D.tmp' to '../../../../../GitHub/UE4_AI/AI/Content/MyContent/BP/NPC.uasset'
[2019.04.23-20.13.29:635][177]BlueprintLog: New page: Compile NPC
[2019.04.23-20.13.54:953][541]BlueprintLog: New page: Compile NPC
[2019.04.23-20.13.56:413][689]Cmd: OBJ SAVEPACKAGE PACKAGE="/Game/MyContent/BP/NPC" FILE="../../../../../GitHub/UE4_AI/AI/Content/MyContent/BP/NPC.uasset" SILENT=true
[2019.04.23-20.13.56:439][689]LogSavePackage: Moving '../../../../../GitHub/UE4_AI/AI/Saved/NPC58D27182403454A3CF748C905A187B55.tmp' to '../../../../../GitHub/UE4_AI/AI/Content/MyContent/BP/NPC.uasset'
[2019.04.23-20.14.05:383][405]LogSlate: FSceneViewport::OnFocusLost() reason 2
[2019.04.23-20.14.12:904][951]LogSlate: FSceneViewport::OnFocusLost() reason 2
[2019.04.23-20.14.12:908][951]Cmd: OBJ SAVEPACKAGE PACKAGE="/Game/MyContent/BP/NPC" FILE="../../../../../GitHub/UE4_AI/AI/Content/MyContent/BP/NPC.uasset" SILENT=true
[2019.04.23-20.14.12:929][951]LogSavePackage: Moving '../../../../../GitHub/UE4_AI/AI/Saved/NPCB4754563436A5D229F46E8A805F73D69.tmp' to '../../../../../GitHub/UE4_AI/AI/Content/MyContent/BP/NPC.uasset'
[2019.04.23-20.14.16:204][ 10]LogSlate: FSceneViewport::OnFocusLost() reason 0
[2019.04.23-20.14.53:731][385]LogSlate: Window 'Pick Parent Class' being destroyed
[2019.04.23-20.15.07:080][491]LogMetaData: Removing '/Game/MyContent/BP/BP_NPC_AI.BP_NPC_AI:UserConstructionScript.K2Node_FunctionEntry_0' ref from Metadata '/Game/MyContent/BP/NPC_Ai.PackageMetaData'
[2019.04.23-20.15.07:080][491]LogMetaData: Removing '/Game/MyContent/BP/BP_NPC_AI.SKEL_BP_NPC_AI_C' ref from Metadata '/Game/MyContent/BP/NPC_Ai.PackageMetaData'
[2019.04.23-20.15.07:080][491]LogMetaData: Removing '/Game/MyContent/BP/BP_NPC_AI.BP_NPC_AI_C' ref from Metadata '/Game/MyContent/BP/NPC_Ai.PackageMetaData'
[2019.04.23-20.15.07:080][491]LogMetaData: Removing '/Game/MyContent/BP/BP_NPC_AI.BP_NPC_AI:EventGraph.K2Node_Event_0' ref from Metadata '/Game/MyContent/BP/NPC_Ai.PackageMetaData'
[2019.04.23-20.15.07:080][491]LogMetaData: Removing '/Game/MyContent/BP/BP_NPC_AI.BP_NPC_AI:EventGraph.K2Node_Event_1' ref from Metadata '/Game/MyContent/BP/NPC_Ai.PackageMetaData'
[2019.04.23-20.15.07:096][491]Cmd: OBJ SAVEPACKAGE PACKAGE="/Game/MyContent/BP/BP_NPC_AI" FILE="../../../../../GitHub/UE4_AI/AI/Content/MyContent/BP/BP_NPC_AI.uasset" SILENT=true
[2019.04.23-20.15.07:108][491]LogSavePackage: Moving '../../../../../GitHub/UE4_AI/AI/Saved/BP_NPC_AICBBE13C7444FC7A97A69E19EB3C54956.tmp' to '../../../../../GitHub/UE4_AI/AI/Content/MyContent/BP/BP_NPC_AI.uasset'
[2019.04.23-20.15.11:905][921]LogMetaData: Removing '/Game/MyContent/BP/BP_NPC.BP_NPC:UserConstructionScript.K2Node_FunctionEntry_0' ref from Metadata '/Game/MyContent/BP/NPC.PackageMetaData'
[2019.04.23-20.15.11:906][921]LogMetaData: Removing '/Game/MyContent/BP/BP_NPC.BP_NPC:UpdateChestColor.K2Node_FunctionEntry_0' ref from Metadata '/Game/MyContent/BP/NPC.PackageMetaData'
[2019.04.23-20.15.11:906][921]LogMetaData: Removing '/Game/MyContent/BP/BP_NPC.SKEL_BP_NPC_C' ref from Metadata '/Game/MyContent/BP/NPC.PackageMetaData'
[2019.04.23-20.15.11:906][921]LogMetaData: Removing '/Game/MyContent/BP/BP_NPC.BP_NPC_C' ref from Metadata '/Game/MyContent/BP/NPC.PackageMetaData'
[2019.04.23-20.15.11:906][921]LogMetaData: Removing '/Game/MyContent/BP/BP_NPC.BP_NPC:EventGraph.K2Node_Event_0' ref from Metadata '/Game/MyContent/BP/NPC.PackageMetaData'
[2019.04.23-20.15.11:906][921]LogMetaData: Removing '/Game/MyContent/BP/BP_NPC.BP_NPC:EventGraph.K2Node_Event_1' ref from Metadata '/Game/MyContent/BP/NPC.PackageMetaData'
[2019.04.23-20.15.11:906][921]LogMetaData: Removing '/Game/MyContent/BP/BP_NPC.BP_NPC:EventGraph.K2Node_Event_2' ref from Metadata '/Game/MyContent/BP/NPC.PackageMetaData'
[2019.04.23-20.15.11:941][921]Cmd: OBJ SAVEPACKAGE PACKAGE="/Game/MyContent/BP/BP_NPC" FILE="../../../../../GitHub/UE4_AI/AI/Content/MyContent/BP/BP_NPC.uasset" SILENT=true
[2019.04.23-20.15.11:967][921]LogSavePackage: Moving '../../../../../GitHub/UE4_AI/AI/Saved/BP_NPC04C2504D401F38A3BFE7ABB651425743.tmp' to '../../../../../GitHub/UE4_AI/AI/Content/MyContent/BP/BP_NPC.uasset'
[2019.04.23-20.15.13:519][ 71]Cmd: OBJ SAVEPACKAGE PACKAGE="/Game/MyContent/BP/BP_NPC" FILE="../../../../../GitHub/UE4_AI/AI/Content/MyContent/BP/BP_NPC.uasset" SILENT=true
[2019.04.23-20.15.13:542][ 71]LogSavePackage: Moving '../../../../../GitHub/UE4_AI/AI/Saved/BP_NPCFF168E074E2841F45D26229D981F2AB7.tmp' to '../../../../../GitHub/UE4_AI/AI/Content/MyContent/BP/BP_NPC.uasset'
[2019.04.23-20.15.14:434][172]LogAssetEditorManager: Opening Asset editor for Blueprint /Game/MyContent/BP/BP_NPC_AI.BP_NPC_AI
[2019.04.23-20.15.23:352][906]LogSlate: FSceneViewport::OnFocusLost() reason 0
[2019.04.23-20.15.37:795][179]Cmd: OBJ SAVEPACKAGE PACKAGE="/Game/MyContent/BP/BP_NPC" FILE="../../../../../GitHub/UE4_AI/AI/Content/MyContent/BP/BP_NPC.uasset" SILENT=true
[2019.04.23-20.15.37:813][179]LogSavePackage: Moving '../../../../../GitHub/UE4_AI/AI/Saved/BP_NPC812B357F445E665F339D5087A8DBFE48.tmp' to '../../../../../GitHub/UE4_AI/AI/Content/MyContent/BP/BP_NPC.uasset'
[2019.04.23-20.15.49:178][686]LogSlate: Window 'Pick Parent Class' being destroyed
[2019.04.23-20.16.13:933][309]Cmd: OBJ SAVEPACKAGE PACKAGE="/Game/MyContent/BP/BB_NPC" FILE="../../../../../GitHub/UE4_AI/AI/Content/MyContent/BP/BB_NPC.uasset" SILENT=true
[2019.04.23-20.16.13:939][309]LogSavePackage: Moving '../../../../../GitHub/UE4_AI/AI/Saved/BB_NPC6385589F45036DA4A1E6EFB7372F0899.tmp' to '../../../../../GitHub/UE4_AI/AI/Content/MyContent/BP/BB_NPC.uasset'
[2019.04.23-20.16.13:945][309]Cmd: OBJ SAVEPACKAGE PACKAGE="/Game/MyContent/BP/BT_NPC" FILE="../../../../../GitHub/UE4_AI/AI/Content/MyContent/BP/BT_NPC.uasset" SILENT=true
[2019.04.23-20.16.13:951][309]LogSavePackage: Moving '../../../../../GitHub/UE4_AI/AI/Saved/BT_NPCB78DF2214A370DB5C661358F3FAFE58F.tmp' to '../../../../../GitHub/UE4_AI/AI/Content/MyContent/BP/BT_NPC.uasset'
[2019.04.23-20.16.27:814][515]LogMetaData: Removing '/Game/MyContent/BP/NPC/BP_NPC.BP_NPC_C' ref from Metadata '/Game/MyContent/BP/BP_NPC.PackageMetaData'
[2019.04.23-20.16.27:814][515]LogMetaData: Removing '/Game/MyContent/BP/NPC/BP_NPC.SKEL_BP_NPC_C' ref from Metadata '/Game/MyContent/BP/BP_NPC.PackageMetaData'
[2019.04.23-20.16.27:814][515]LogMetaData: Removing '/Game/MyContent/BP/NPC/BP_NPC.BP_NPC:UserConstructionScript.K2Node_FunctionEntry_0' ref from Metadata '/Game/MyContent/BP/BP_NPC.PackageMetaData'
[2019.04.23-20.16.27:814][515]LogMetaData: Removing '/Game/MyContent/BP/NPC/BP_NPC.BP_NPC:EventGraph.K2Node_Event_0' ref from Metadata '/Game/MyContent/BP/BP_NPC.PackageMetaData'
[2019.04.23-20.16.27:814][515]LogMetaData: Removing '/Game/MyContent/BP/NPC/BP_NPC.BP_NPC:EventGraph.K2Node_Event_1' ref from Metadata '/Game/MyContent/BP/BP_NPC.PackageMetaData'
[2019.04.23-20.16.27:814][515]LogMetaData: Removing '/Game/MyContent/BP/NPC/BP_NPC.BP_NPC:EventGraph.K2Node_Event_2' ref from Metadata '/Game/MyContent/BP/BP_NPC.PackageMetaData'
[2019.04.23-20.16.27:814][515]LogMetaData: Removing '/Game/MyContent/BP/NPC/BP_NPC.BP_NPC:UpdateChestColor.K2Node_FunctionEntry_0' ref from Metadata '/Game/MyContent/BP/BP_NPC.PackageMetaData'
[2019.04.23-20.16.27:814][515]LogMetaData: Removing '/Game/MyContent/BP/NPC/BP_NPC.SKEL_BP_NPC_C:ReceiveBeginPlay' ref from Metadata '/Game/MyContent/BP/BP_NPC.PackageMetaData'
[2019.04.23-20.16.27:814][515]LogMetaData: Removing '/Game/MyContent/BP/NPC/BP_NPC.SKEL_BP_NPC_C:ReceiveActorBeginOverlap' ref from Metadata '/Game/MyContent/BP/BP_NPC.PackageMetaData'
[2019.04.23-20.16.27:814][515]LogMetaData: Removing '/Game/MyContent/BP/NPC/BP_NPC.SKEL_BP_NPC_C:ReceiveTick' ref from Metadata '/Game/MyContent/BP/BP_NPC.PackageMetaData'
[2019.04.23-20.16.27:815][515]LogMetaData: Removing '/Game/MyContent/BP/NPC/BP_NPC.SKEL_BP_NPC_C:ChestMats' ref from Metadata '/Game/MyContent/BP/BP_NPC.PackageMetaData'
[2019.04.23-20.16.27:815][515]LogMetaData: Removing '/Game/MyContent/BP/NPC/BP_NPC.SKEL_BP_NPC_C:UserConstructionScript' ref from Metadata '/Game/MyContent/BP/BP_NPC.PackageMetaData'
[2019.04.23-20.16.27:815][515]LogMetaData: Removing '/Game/MyContent/BP/NPC/BP_NPC.SKEL_BP_NPC_C:UpdateChestColor' ref from Metadata '/Game/MyContent/BP/BP_NPC.PackageMetaData'
[2019.04.23-20.16.27:815][515]LogMetaData: Removing '/Game/MyContent/BP/NPC/BP_NPC.BP_NPC_C:ChestMats' ref from Metadata '/Game/MyContent/BP/BP_NPC.PackageMetaData'
[2019.04.23-20.16.27:815][515]LogMetaData: Removing '/Game/MyContent/BP/NPC/BP_NPC.BP_NPC_C:UserConstructionScript' ref from Metadata '/Game/MyContent/BP/BP_NPC.PackageMetaData'
[2019.04.23-20.16.27:815][515]LogMetaData: Removing '/Game/MyContent/BP/NPC/BP_NPC.BP_NPC_C:UpdateChestColor' ref from Metadata '/Game/MyContent/BP/BP_NPC.PackageMetaData'
[2019.04.23-20.16.27:821][515]LogMetaData: Removing '/Game/MyContent/BP/NPC/BP_NPC_AI.BP_NPC_AI_C' ref from Metadata '/Game/MyContent/BP/BP_NPC_AI.PackageMetaData'
[2019.04.23-20.16.27:821][515]LogMetaData: Removing '/Game/MyContent/BP/NPC/BP_NPC_AI.SKEL_BP_NPC_AI_C' ref from Metadata '/Game/MyContent/BP/BP_NPC_AI.PackageMetaData'
[2019.04.23-20.16.27:821][515]LogMetaData: Removing '/Game/MyContent/BP/NPC/BP_NPC_AI.BP_NPC_AI:UserConstructionScript.K2Node_FunctionEntry_0' ref from Metadata '/Game/MyContent/BP/BP_NPC_AI.PackageMetaData'
[2019.04.23-20.16.27:821][515]LogMetaData: Removing '/Game/MyContent/BP/NPC/BP_NPC_AI.BP_NPC_AI:EventGraph.K2Node_Event_0' ref from Metadata '/Game/MyContent/BP/BP_NPC_AI.PackageMetaData'
[2019.04.23-20.16.27:821][515]LogMetaData: Removing '/Game/MyContent/BP/NPC/BP_NPC_AI.BP_NPC_AI:EventGraph.K2Node_Event_1' ref from Metadata '/Game/MyContent/BP/BP_NPC_AI.PackageMetaData'
[2019.04.23-20.16.27:821][515]LogMetaData: Removing '/Game/MyContent/BP/NPC/BP_NPC_AI.SKEL_BP_NPC_AI_C:ReceiveBeginPlay' ref from Metadata '/Game/MyContent/BP/BP_NPC_AI.PackageMetaData'
[2019.04.23-20.16.27:821][515]LogMetaData: Removing '/Game/MyContent/BP/NPC/BP_NPC_AI.SKEL_BP_NPC_AI_C:ReceiveTick' ref from Metadata '/Game/MyContent/BP/BP_NPC_AI.PackageMetaData'
[2019.04.23-20.16.27:821][515]LogMetaData: Removing '/Game/MyContent/BP/NPC/BP_NPC_AI.SKEL_BP_NPC_AI_C:UserConstructionScript' ref from Metadata '/Game/MyContent/BP/BP_NPC_AI.PackageMetaData'
[2019.04.23-20.16.27:860][515]Cmd: OBJ SAVEPACKAGE PACKAGE="/Game/MyContent/BP/NPC/BP_NPC" FILE="../../../../../GitHub/UE4_AI/AI/Content/MyContent/BP/NPC/BP_NPC.uasset" SILENT=true
[2019.04.23-20.16.27:890][515]LogSavePackage: Moving '../../../../../GitHub/UE4_AI/AI/Saved/BP_NPC94080BAC4D92281B97257E891CA4C051.tmp' to '../../../../../GitHub/UE4_AI/AI/Content/MyContent/BP/NPC/BP_NPC.uasset'
[2019.04.23-20.16.27:895][515]Cmd: OBJ SAVEPACKAGE PACKAGE="/Game/MyContent/BP/NPC/BP_NPC_AI" FILE="../../../../../GitHub/UE4_AI/AI/Content/MyContent/BP/NPC/BP_NPC_AI.uasset" SILENT=true
[2019.04.23-20.16.27:907][515]LogSavePackage: Moving '../../../../../GitHub/UE4_AI/AI/Saved/BP_NPC_AI7DEF733A402EFD28E15F7EB21C688CC6.tmp' to '../../../../../GitHub/UE4_AI/AI/Content/MyContent/BP/NPC/BP_NPC_AI.uasset'
[2019.04.23-20.16.27:913][515]Cmd: OBJ SAVEPACKAGE PACKAGE="/Game/MyContent/BP/NPC/BT_NPC" FILE="../../../../../GitHub/UE4_AI/AI/Content/MyContent/BP/NPC/BT_NPC.uasset" SILENT=true
[2019.04.23-20.16.27:922][515]LogSavePackage: Moving '../../../../../GitHub/UE4_AI/AI/Saved/BT_NPC8BCAE41842F7359AAAC1D080C4D0F13D.tmp' to '../../../../../GitHub/UE4_AI/AI/Content/MyContent/BP/NPC/BT_NPC.uasset'
[2019.04.23-20.16.27:927][515]Cmd: OBJ SAVEPACKAGE PACKAGE="/Game/MyContent/BP/NPC/BB_NPC" FILE="../../../../../GitHub/UE4_AI/AI/Content/MyContent/BP/NPC/BB_NPC.uasset" SILENT=true
[2019.04.23-20.16.27:936][515]LogSavePackage: Moving '../../../../../GitHub/UE4_AI/AI/Saved/BB_NPC8F8134304E6FAAB964556B808CE715F2.tmp' to '../../../../../GitHub/UE4_AI/AI/Content/MyContent/BP/NPC/BB_NPC.uasset'
[2019.04.23-20.16.51:346][752]BlueprintLog: New page: Compile BP_NPC
[2019.04.23-20.16.52:189][810]Cmd: OBJ SAVEPACKAGE PACKAGE="/Game/MyContent/BP/NPC/BP_NPC" FILE="../../../../../GitHub/UE4_AI/AI/Content/MyContent/BP/NPC/BP_NPC.uasset" SILENT=true
[2019.04.23-20.16.52:219][810]LogSavePackage: Moving '../../../../../GitHub/UE4_AI/AI/Saved/BP_NPCB817BC554BAE1E7EDFE92389B2073910.tmp' to '../../../../../GitHub/UE4_AI/AI/Content/MyContent/BP/NPC/BP_NPC.uasset'
[2019.04.23-20.16.56:782][299]LogAssetEditorManager: Opening Asset editor for BehaviorTree /Game/MyContent/BP/NPC/BT_NPC.BT_NPC
[2019.04.23-20.16.58:533][470]LogAssetEditorManager: Opening Asset editor for BlackboardData /Game/MyContent/BP/NPC/BB_NPC.BB_NPC
[2019.04.23-20.17.44:703][426]LogSlate: Window 'Color Picker' being destroyed
[2019.04.23-20.17.46:708][549]BlueprintLog: New page: Compile BP_NPC_AI
[2019.04.23-20.17.47:048][567]BlueprintLog: New page: Compile BP_NPC_AI
[2019.04.23-20.17.48:236][683]Cmd: OBJ SAVEPACKAGE PACKAGE="/Game/MyContent/BP/NPC/BP_NPC_AI" FILE="../../../../../GitHub/UE4_AI/AI/Content/MyContent/BP/NPC/BP_NPC_AI.uasset" SILENT=true
[2019.04.23-20.17.48:254][683]LogSavePackage: Moving '../../../../../GitHub/UE4_AI/AI/Saved/BP_NPC_AID5F505F94CBA3032BF803993AC86E2EC.tmp' to '../../../../../GitHub/UE4_AI/AI/Content/MyContent/BP/NPC/BP_NPC_AI.uasset'
[2019.04.23-20.19.49:514][686]Cmd: OBJ SAVEPACKAGE PACKAGE="/Game/MyContent/BP/NPC/BT_NPC" FILE="../../../../../GitHub/UE4_AI/AI/Content/MyContent/BP/NPC/BT_NPC.uasset" SILENT=true
[2019.04.23-20.19.49:527][686]LogSavePackage: Moving '../../../../../GitHub/UE4_AI/AI/Saved/BT_NPC7F2F208F407D6E514773E497358653E1.tmp' to '../../../../../GitHub/UE4_AI/AI/Content/MyContent/BP/NPC/BT_NPC.uasset'
